# JRE version: OpenJDK Runtime Environment (11.0.4+10) (build 11.0.4+10-b304.77)
# Java VM: OpenJDK 64-Bit Server VM (11.0.4+10-b304.77, mixed mode, sharing, tiered, compressed oops, concurrent mark sweep gc, windows-amd64)
Heap:
 par new generation   total 39296K, used 23758K [0x00000000c0a00000, 0x00000000c34a0000, 0x00000000d56c0000)
  eden space 34944K,  61% used [0x00000000c0a00000, 0x00000000c1efea70, 0x00000000c2c20000)
  from space 4352K,  51% used [0x00000000c2c20000, 0x00000000c2e55140, 0x00000000c3060000)
  to   space 4352K,   0% used [0x00000000c3060000, 0x00000000c3060000, 0x00000000c34a0000)
 concurrent mark-sweep generation total 318772K, used 248963K [0x00000000d56c0000, 0x00000000e8e0d000, 0x0000000100000000)
 Metaspace       used 388362K, capacity 404113K, committed 404404K, reserved 1398784K
  class space    used 50251K, capacity 56339K, committed 56460K, reserved 1048576K
GC Heap History (10 events):
Event: 1329.959 GC heap before
{Heap before GC invocations=311 (full 10):
 par new generation   total 39296K, used 36858K [0x00000000c0a00000, 0x00000000c34a0000, 0x00000000d56c0000)
  eden space 34944K,  98% used [0x00000000c0a00000, 0x00000000c2b84ca0, 0x00000000c2c20000)
  from space 4352K,  58% used [0x00000000c3060000, 0x00000000c32d9bb0, 0x00000000c34a0000)
  to   space 4352K,   0% used [0x00000000c2c20000, 0x00000000c2c20000, 0x00000000c3060000)
 concurrent mark-sweep generation total 318772K, used 245839K [0x00000000d56c0000, 0x00000000e8e0d000, 0x0000000100000000)
 Metaspace       used 388082K, capacity 403756K, committed 404020K, reserved 1396736K
  class space    used 50219K, capacity 56314K, committed 56332K, reserved 1048576K
}
Event: 1329.962 GC heap after
{Heap after GC invocations=312 (full 10):
 par new generation   total 39296K, used 2446K [0x00000000c0a00000, 0x00000000c34a0000, 0x00000000d56c0000)
  eden space 34944K,   0% used [0x00000000c0a00000, 0x00000000c0a00000, 0x00000000c2c20000)
  from space 4352K,  56% used [0x00000000c2c20000, 0x00000000c2e83950, 0x00000000c3060000)
  to   space 4352K,   0% used [0x00000000c3060000, 0x00000000c3060000, 0x00000000c34a0000)
 concurrent mark-sweep generation total 318772K, used 245839K [0x00000000d56c0000, 0x00000000e8e0d000, 0x0000000100000000)
 Metaspace       used 388082K, capacity 403756K, committed 404020K, reserved 1396736K
  class space    used 50219K, capacity 56314K, committed 56332K, reserved 1048576K
}
Event: 1331.145 GC heap before
{Heap before GC invocations=312 (full 10):
 par new generation   total 39296K, used 37390K [0x00000000c0a00000, 0x00000000c34a0000, 0x00000000d56c0000)
  eden space 34944K, 100% used [0x00000000c0a00000, 0x00000000c2c20000, 0x00000000c2c20000)
  from space 4352K,  56% used [0x00000000c2c20000, 0x00000000c2e83950, 0x00000000c3060000)
  to   space 4352K,   0% used [0x00000000c3060000, 0x00000000c3060000, 0x00000000c34a0000)
 concurrent mark-sweep generation total 318772K, used 245839K [0x00000000d56c0000, 0x00000000e8e0d000, 0x0000000100000000)
 Metaspace       used 388096K, capacity 403820K, committed 404020K, reserved 1396736K
  class space    used 50219K, capacity 56314K, committed 56332K, reserved 1048576K
}
Event: 1331.151 GC heap after
{Heap after GC invocations=313 (full 10):
 par new generation   total 39296K, used 2604K [0x00000000c0a00000, 0x00000000c34a0000, 0x00000000d56c0000)
  eden space 34944K,   0% used [0x00000000c0a00000, 0x00000000c0a00000, 0x00000000c2c20000)
  from space 4352K,  59% used [0x00000000c3060000, 0x00000000c32eb180, 0x00000000c34a0000)
  to   space 4352K,   0% used [0x00000000c2c20000, 0x00000000c2c20000, 0x00000000c3060000)
 concurrent mark-sweep generation total 318772K, used 245916K [0x00000000d56c0000, 0x00000000e8e0d000, 0x0000000100000000)
 Metaspace       used 388096K, capacity 403820K, committed 404020K, reserved 1396736K
  class space    used 50219K, capacity 56314K, committed 56332K, reserved 1048576K
}
Event: 1350.352 GC heap before
{Heap before GC invocations=313 (full 10):
 par new generation   total 39296K, used 37548K [0x00000000c0a00000, 0x00000000c34a0000, 0x00000000d56c0000)
  eden space 34944K, 100% used [0x00000000c0a00000, 0x00000000c2c20000, 0x00000000c2c20000)
  from space 4352K,  59% used [0x00000000c3060000, 0x00000000c32eb180, 0x00000000c34a0000)
  to   space 4352K,   0% used [0x00000000c2c20000, 0x00000000c2c20000, 0x00000000c3060000)
 concurrent mark-sweep generation total 318772K, used 245916K [0x00000000d56c0000, 0x00000000e8e0d000, 0x0000000100000000)
 Metaspace       used 388119K, capacity 403822K, committed 404020K, reserved 1396736K
  class space    used 50219K, capacity 56314K, committed 56332K, reserved 1048576K
}
Event: 1350.370 GC heap after
{Heap after GC invocations=314 (full 10):
 par new generation   total 39296K, used 4352K [0x00000000c0a00000, 0x00000000c34a0000, 0x00000000d56c0000)
  eden space 34944K,   0% used [0x00000000c0a00000, 0x00000000c0a00000, 0x00000000c2c20000)
  from space 4352K, 100% used [0x00000000c2c20000, 0x00000000c3060000, 0x00000000c3060000)
  to   space 4352K,   0% used [0x00000000c3060000, 0x00000000c3060000, 0x00000000c34a0000)
 concurrent mark-sweep generation total 318772K, used 246142K [0x00000000d56c0000, 0x00000000e8e0d000, 0x0000000100000000)
 Metaspace       used 388119K, capacity 403822K, committed 404020K, reserved 1396736K
  class space    used 50219K, capacity 56314K, committed 56332K, reserved 1048576K
}
Event: 1353.000 GC heap before
{Heap before GC invocations=314 (full 10):
 par new generation   total 39296K, used 39296K [0x00000000c0a00000, 0x00000000c34a0000, 0x00000000d56c0000)
  eden space 34944K, 100% used [0x00000000c0a00000, 0x00000000c2c20000, 0x00000000c2c20000)
  from space 4352K, 100% used [0x00000000c2c20000, 0x00000000c3060000, 0x00000000c3060000)
  to   space 4352K,   0% used [0x00000000c3060000, 0x00000000c3060000, 0x00000000c34a0000)
 concurrent mark-sweep generation total 318772K, used 246142K [0x00000000d56c0000, 0x00000000e8e0d000, 0x0000000100000000)
 Metaspace       used 388150K, capacity 403838K, committed 404020K, reserved 1396736K
  class space    used 50221K, capacity 56316K, committed 56332K, reserved 1048576K
}
Event: 1353.014 GC heap after
{Heap after GC invocations=315 (full 10):
 par new generation   total 39296K, used 3378K [0x00000000c0a00000, 0x00000000c34a0000, 0x00000000d56c0000)
  eden space 34944K,   0% used [0x00000000c0a00000, 0x00000000c0a00000, 0x00000000c2c20000)
  from space 4352K,  77% used [0x00000000c3060000, 0x00000000c33aca30, 0x00000000c34a0000)
  to   space 4352K,   0% used [0x00000000c2c20000, 0x00000000c2c20000, 0x00000000c3060000)
 concurrent mark-sweep generation total 318772K, used 248963K [0x00000000d56c0000, 0x00000000e8e0d000, 0x0000000100000000)
 Metaspace       used 388150K, capacity 403838K, committed 404020K, reserved 1396736K
  class space    used 50221K, capacity 56316K, committed 56332K, reserved 1048576K
}
Event: 1508.752 GC heap before
{Heap before GC invocations=315 (full 10):
 par new generation   total 39296K, used 38322K [0x00000000c0a00000, 0x00000000c34a0000, 0x00000000d56c0000)
  eden space 34944K, 100% used [0x00000000c0a00000, 0x00000000c2c20000, 0x00000000c2c20000)
  from space 4352K,  77% used [0x00000000c3060000, 0x00000000c33aca30, 0x00000000c34a0000)
  to   space 4352K,   0% used [0x00000000c2c20000, 0x00000000c2c20000, 0x00000000c3060000)
 concurrent mark-sweep generation total 318772K, used 248963K [0x00000000d56c0000, 0x00000000e8e0d000, 0x0000000100000000)
 Metaspace       used 388193K, capacity 403966K, committed 404020K, reserved 1396736K
  class space    used 50222K, capacity 56316K, committed 56332K, reserved 1048576K
}
Event: 1508.761 GC heap after
{Heap after GC invocations=316 (full 10):
 par new generation   total 39296K, used 2260K [0x00000000c0a00000, 0x00000000c34a0000, 0x00000000d56c0000)
  eden space 34944K,   0% used [0x00000000c0a00000, 0x00000000c0a00000, 0x00000000c2c20000)
  from space 4352K,  51% used [0x00000000c2c20000, 0x00000000c2e55140, 0x00000000c3060000)
  to   space 4352K,   0% used [0x00000000c3060000, 0x00000000c3060000, 0x00000000c34a0000)
 concurrent mark-sweep generation total 318772K, used 248963K [0x00000000d56c0000, 0x00000000e8e0d000, 0x0000000100000000)
 Metaspace       used 388193K, capacity 403966K, committed 404020K, reserved 1396736K
  class space    used 50222K, capacity 56316K, committed 56332K, reserved 1048576K
}

