# JRE version: OpenJDK Runtime Environment (11.0.4+10) (build 11.0.4+10-b304.77)
# Java VM: OpenJDK 64-Bit Server VM (11.0.4+10-b304.77, mixed mode, sharing, tiered, compressed oops, concurrent mark sweep gc, windows-amd64)
Heap:
 par new generation   total 39296K, used 25864K [0x00000000c0a00000, 0x00000000c34a0000, 0x00000000d56c0000)
  eden space 34944K,  68% used [0x00000000c0a00000, 0x00000000c2180338, 0x00000000c2c20000)
  from space 4352K,  41% used [0x00000000c3060000, 0x00000000c3222000, 0x00000000c34a0000)
  to   space 4352K,   0% used [0x00000000c2c20000, 0x00000000c2c20000, 0x00000000c3060000)
 concurrent mark-sweep generation total 334916K, used 237794K [0x00000000d56c0000, 0x00000000e9dd1000, 0x0000000100000000)
 Metaspace       used 298645K, capacity 311218K, committed 311388K, reserved 1316864K
  class space    used 39866K, capacity 44664K, committed 44768K, reserved 1048576K
GC Heap History (10 events):
Event: 65.407 GC heap before
{Heap before GC invocations=66 (full 7):
 par new generation   total 39296K, used 39044K [0x00000000c0a00000, 0x00000000c34a0000, 0x00000000d56c0000)
  eden space 34944K, 100% used [0x00000000c0a00000, 0x00000000c2c20000, 0x00000000c2c20000)
  from space 4352K,  94% used [0x00000000c2c20000, 0x00000000c3021398, 0x00000000c3060000)
  to   space 4352K,   0% used [0x00000000c3060000, 0x00000000c3060000, 0x00000000c34a0000)
 concurrent mark-sweep generation total 334916K, used 231389K [0x00000000d56c0000, 0x00000000e9dd1000, 0x0000000100000000)
 Metaspace       used 297010K, capacity 309399K, committed 309596K, reserved 1314816K
  class space    used 39691K, capacity 44386K, committed 44512K, reserved 1048576K
}
Event: 65.428 GC heap after
{Heap after GC invocations=67 (full 7):
 par new generation   total 39296K, used 4352K [0x00000000c0a00000, 0x00000000c34a0000, 0x00000000d56c0000)
  eden space 34944K,   0% used [0x00000000c0a00000, 0x00000000c0a00000, 0x00000000c2c20000)
  from space 4352K, 100% used [0x00000000c3060000, 0x00000000c34a0000, 0x00000000c34a0000)
  to   space 4352K,   0% used [0x00000000c2c20000, 0x00000000c2c20000, 0x00000000c3060000)
 concurrent mark-sweep generation total 334916K, used 233711K [0x00000000d56c0000, 0x00000000e9dd1000, 0x0000000100000000)
 Metaspace       used 297010K, capacity 309399K, committed 309596K, reserved 1314816K
  class space    used 39691K, capacity 44386K, committed 44512K, reserved 1048576K
}
Event: 69.139 GC heap before
{Heap before GC invocations=67 (full 7):
 par new generation   total 39296K, used 39161K [0x00000000c0a00000, 0x00000000c34a0000, 0x00000000d56c0000)
  eden space 34944K,  99% used [0x00000000c0a00000, 0x00000000c2bfe418, 0x00000000c2c20000)
  from space 4352K, 100% used [0x00000000c3060000, 0x00000000c34a0000, 0x00000000c34a0000)
  to   space 4352K,   0% used [0x00000000c2c20000, 0x00000000c2c20000, 0x00000000c3060000)
 concurrent mark-sweep generation total 334916K, used 233711K [0x00000000d56c0000, 0x00000000e9dd1000, 0x0000000100000000)
 Metaspace       used 297620K, capacity 310103K, committed 310364K, reserved 1314816K
  class space    used 39737K, capacity 44484K, committed 44512K, reserved 1048576K
}
Event: 69.151 GC heap after
{Heap after GC invocations=68 (full 7):
 par new generation   total 39296K, used 2893K [0x00000000c0a00000, 0x00000000c34a0000, 0x00000000d56c0000)
  eden space 34944K,   0% used [0x00000000c0a00000, 0x00000000c0a00000, 0x00000000c2c20000)
  from space 4352K,  66% used [0x00000000c2c20000, 0x00000000c2ef3760, 0x00000000c3060000)
  to   space 4352K,   0% used [0x00000000c3060000, 0x00000000c3060000, 0x00000000c34a0000)
 concurrent mark-sweep generation total 334916K, used 237794K [0x00000000d56c0000, 0x00000000e9dd1000, 0x0000000100000000)
 Metaspace       used 297620K, capacity 310103K, committed 310364K, reserved 1314816K
  class space    used 39737K, capacity 44484K, committed 44512K, reserved 1048576K
}
Event: 69.160 GC heap before
{Heap before GC invocations=68 (full 7):
 par new generation   total 39296K, used 37666K [0x00000000c0a00000, 0x00000000c34a0000, 0x00000000d56c0000)
  eden space 34944K,  99% used [0x00000000c0a00000, 0x00000000c2bf5478, 0x00000000c2c20000)
  from space 4352K,  66% used [0x00000000c2c20000, 0x00000000c2ef3760, 0x00000000c3060000)
  to   space 4352K,   0% used [0x00000000c3060000, 0x00000000c3060000, 0x00000000c34a0000)
 concurrent mark-sweep generation total 334916K, used 237794K [0x00000000d56c0000, 0x00000000e9dd1000, 0x0000000100000000)
 Metaspace       used 297624K, capacity 310103K, committed 310364K, reserved 1314816K
  class space    used 39737K, capacity 44484K, committed 44512K, reserved 1048576K
}
Event: 69.164 GC heap after
{Heap after GC invocations=69 (full 7):
 par new generation   total 39296K, used 1443K [0x00000000c0a00000, 0x00000000c34a0000, 0x00000000d56c0000)
  eden space 34944K,   0% used [0x00000000c0a00000, 0x00000000c0a00000, 0x00000000c2c20000)
  from space 4352K,  33% used [0x00000000c3060000, 0x00000000c31c8e88, 0x00000000c34a0000)
  to   space 4352K,   0% used [0x00000000c2c20000, 0x00000000c2c20000, 0x00000000c3060000)
 concurrent mark-sweep generation total 334916K, used 237794K [0x00000000d56c0000, 0x00000000e9dd1000, 0x0000000100000000)
 Metaspace       used 297624K, capacity 310103K, committed 310364K, reserved 1314816K
  class space    used 39737K, capacity 44484K, committed 44512K, reserved 1048576K
}
Event: 73.728 GC heap before
{Heap before GC invocations=69 (full 7):
 par new generation   total 39296K, used 36191K [0x00000000c0a00000, 0x00000000c34a0000, 0x00000000d56c0000)
  eden space 34944K,  99% used [0x00000000c0a00000, 0x00000000c2bef0c8, 0x00000000c2c20000)
  from space 4352K,  33% used [0x00000000c3060000, 0x00000000c31c8e88, 0x00000000c34a0000)
  to   space 4352K,   0% used [0x00000000c2c20000, 0x00000000c2c20000, 0x00000000c3060000)
 concurrent mark-sweep generation total 334916K, used 237794K [0x00000000d56c0000, 0x00000000e9dd1000, 0x0000000100000000)
 Metaspace       used 298370K, capacity 310887K, committed 311004K, reserved 1316864K
  class space    used 39829K, capacity 44603K, committed 44640K, reserved 1048576K
}
Event: 73.734 GC heap after
{Heap after GC invocations=70 (full 7):
 par new generation   total 39296K, used 1583K [0x00000000c0a00000, 0x00000000c34a0000, 0x00000000d56c0000)
  eden space 34944K,   0% used [0x00000000c0a00000, 0x00000000c0a00000, 0x00000000c2c20000)
  from space 4352K,  36% used [0x00000000c2c20000, 0x00000000c2dabe10, 0x00000000c3060000)
  to   space 4352K,   0% used [0x00000000c3060000, 0x00000000c3060000, 0x00000000c34a0000)
 concurrent mark-sweep generation total 334916K, used 237794K [0x00000000d56c0000, 0x00000000e9dd1000, 0x0000000100000000)
 Metaspace       used 298370K, capacity 310887K, committed 311004K, reserved 1316864K
  class space    used 39829K, capacity 44603K, committed 44640K, reserved 1048576K
}
Event: 73.784 GC heap before
{Heap before GC invocations=70 (full 7):
 par new generation   total 39296K, used 36320K [0x00000000c0a00000, 0x00000000c34a0000, 0x00000000d56c0000)
  eden space 34944K,  99% used [0x00000000c0a00000, 0x00000000c2bec458, 0x00000000c2c20000)
  from space 4352K,  36% used [0x00000000c2c20000, 0x00000000c2dabe10, 0x00000000c3060000)
  to   space 4352K,   0% used [0x00000000c3060000, 0x00000000c3060000, 0x00000000c34a0000)
 concurrent mark-sweep generation total 334916K, used 237794K [0x00000000d56c0000, 0x00000000e9dd1000, 0x0000000100000000)
 Metaspace       used 298527K, capacity 311031K, committed 311260K, reserved 1316864K
  class space    used 39851K, capacity 44623K, committed 44640K, reserved 1048576K
}
Event: 73.789 GC heap after
{Heap after GC invocations=71 (full 7):
 par new generation   total 39296K, used 1800K [0x00000000c0a00000, 0x00000000c34a0000, 0x00000000d56c0000)
  eden space 34944K,   0% used [0x00000000c0a00000, 0x00000000c0a00000, 0x00000000c2c20000)
  from space 4352K,  41% used [0x00000000c3060000, 0x00000000c3222000, 0x00000000c34a0000)
  to   space 4352K,   0% used [0x00000000c2c20000, 0x00000000c2c20000, 0x00000000c3060000)
 concurrent mark-sweep generation total 334916K, used 237794K [0x00000000d56c0000, 0x00000000e9dd1000, 0x0000000100000000)
 Metaspace       used 298527K, capacity 311031K, committed 311260K, reserved 1316864K
  class space    used 39851K, capacity 44623K, committed 44640K, reserved 1048576K
}

