# JRE version: OpenJDK Runtime Environment (11.0.4+10) (build 11.0.4+10-b304.77)
# Java VM: OpenJDK 64-Bit Server VM (11.0.4+10-b304.77, mixed mode, sharing, tiered, compressed oops, concurrent mark sweep gc, windows-amd64)
Heap:
 par new generation   total 39296K, used 18982K [0x00000000c0a00000, 0x00000000c34a0000, 0x00000000d56c0000)
  eden space 34944K,  48% used [0x00000000c0a00000, 0x00000000c1a870a0, 0x00000000c2c20000)
  from space 4352K,  47% used [0x00000000c3060000, 0x00000000c32627d0, 0x00000000c34a0000)
  to   space 4352K,   0% used [0x00000000c2c20000, 0x00000000c2c20000, 0x00000000c3060000)
 concurrent mark-sweep generation total 296736K, used 258121K [0x00000000d56c0000, 0x00000000e7888000, 0x0000000100000000)
 Metaspace       used 261716K, capacity 272981K, committed 273256K, reserved 1284096K
  class space    used 33828K, capacity 38147K, committed 38240K, reserved 1048576K
GC Heap History (10 events):
Event: 64.455 GC heap before
{Heap before GC invocations=58 (full 7):
 par new generation   total 39296K, used 39296K [0x00000000c0a00000, 0x00000000c34a0000, 0x00000000d56c0000)
  eden space 34944K, 100% used [0x00000000c0a00000, 0x00000000c2c20000, 0x00000000c2c20000)
  from space 4352K, 100% used [0x00000000c2c20000, 0x00000000c3060000, 0x00000000c3060000)
  to   space 4352K,   0% used [0x00000000c3060000, 0x00000000c3060000, 0x00000000c34a0000)
 concurrent mark-sweep generation total 296736K, used 231766K [0x00000000d56c0000, 0x00000000e7888000, 0x0000000100000000)
 Metaspace       used 258644K, capacity 269800K, committed 270056K, reserved 1282048K
  class space    used 33565K, capacity 37825K, committed 37856K, reserved 1048576K
}
Event: 64.504 GC heap after
{Heap after GC invocations=59 (full 7):
 par new generation   total 39296K, used 4352K [0x00000000c0a00000, 0x00000000c34a0000, 0x00000000d56c0000)
  eden space 34944K,   0% used [0x00000000c0a00000, 0x00000000c0a00000, 0x00000000c2c20000)
  from space 4352K, 100% used [0x00000000c3060000, 0x00000000c34a0000, 0x00000000c34a0000)
  to   space 4352K,   0% used [0x00000000c2c20000, 0x00000000c2c20000, 0x00000000c3060000)
 concurrent mark-sweep generation total 296736K, used 240369K [0x00000000d56c0000, 0x00000000e7888000, 0x0000000100000000)
 Metaspace       used 258644K, capacity 269800K, committed 270056K, reserved 1282048K
  class space    used 33565K, capacity 37825K, committed 37856K, reserved 1048576K
}
Event: 65.253 GC heap before
{Heap before GC invocations=59 (full 7):
 par new generation   total 39296K, used 39296K [0x00000000c0a00000, 0x00000000c34a0000, 0x00000000d56c0000)
  eden space 34944K, 100% used [0x00000000c0a00000, 0x00000000c2c20000, 0x00000000c2c20000)
  from space 4352K, 100% used [0x00000000c3060000, 0x00000000c34a0000, 0x00000000c34a0000)
  to   space 4352K,   0% used [0x00000000c2c20000, 0x00000000c2c20000, 0x00000000c3060000)
 concurrent mark-sweep generation total 296736K, used 240369K [0x00000000d56c0000, 0x00000000e7888000, 0x0000000100000000)
 Metaspace       used 259886K, capacity 271062K, committed 271208K, reserved 1284096K
  class space    used 33672K, capacity 37942K, committed 37984K, reserved 1048576K
}
Event: 65.271 GC heap after
{Heap after GC invocations=60 (full 7):
 par new generation   total 39296K, used 4352K [0x00000000c0a00000, 0x00000000c34a0000, 0x00000000d56c0000)
  eden space 34944K,   0% used [0x00000000c0a00000, 0x00000000c0a00000, 0x00000000c2c20000)
  from space 4352K, 100% used [0x00000000c2c20000, 0x00000000c3060000, 0x00000000c3060000)
  to   space 4352K,   0% used [0x00000000c3060000, 0x00000000c3060000, 0x00000000c34a0000)
 concurrent mark-sweep generation total 296736K, used 247068K [0x00000000d56c0000, 0x00000000e7888000, 0x0000000100000000)
 Metaspace       used 259886K, capacity 271062K, committed 271208K, reserved 1284096K
  class space    used 33672K, capacity 37942K, committed 37984K, reserved 1048576K
}
Event: 66.211 GC heap before
{Heap before GC invocations=60 (full 7):
 par new generation   total 39296K, used 39296K [0x00000000c0a00000, 0x00000000c34a0000, 0x00000000d56c0000)
  eden space 34944K, 100% used [0x00000000c0a00000, 0x00000000c2c20000, 0x00000000c2c20000)
  from space 4352K, 100% used [0x00000000c2c20000, 0x00000000c3060000, 0x00000000c3060000)
  to   space 4352K,   0% used [0x00000000c3060000, 0x00000000c3060000, 0x00000000c34a0000)
 concurrent mark-sweep generation total 296736K, used 247068K [0x00000000d56c0000, 0x00000000e7888000, 0x0000000100000000)
 Metaspace       used 261010K, capacity 272252K, committed 272360K, reserved 1284096K
  class space    used 33746K, capacity 38022K, committed 38112K, reserved 1048576K
}
Event: 66.231 GC heap after
{Heap after GC invocations=61 (full 7):
 par new generation   total 39296K, used 4352K [0x00000000c0a00000, 0x00000000c34a0000, 0x00000000d56c0000)
  eden space 34944K,   0% used [0x00000000c0a00000, 0x00000000c0a00000, 0x00000000c2c20000)
  from space 4352K, 100% used [0x00000000c3060000, 0x00000000c34a0000, 0x00000000c34a0000)
  to   space 4352K,   0% used [0x00000000c2c20000, 0x00000000c2c20000, 0x00000000c3060000)
 concurrent mark-sweep generation total 296736K, used 254272K [0x00000000d56c0000, 0x00000000e7888000, 0x0000000100000000)
 Metaspace       used 261010K, capacity 272252K, committed 272360K, reserved 1284096K
  class space    used 33746K, capacity 38022K, committed 38112K, reserved 1048576K
}
Event: 72.489 GC heap before
{Heap before GC invocations=61 (full 7):
 par new generation   total 39296K, used 39116K [0x00000000c0a00000, 0x00000000c34a0000, 0x00000000d56c0000)
  eden space 34944K,  99% used [0x00000000c0a00000, 0x00000000c2bf3348, 0x00000000c2c20000)
  from space 4352K, 100% used [0x00000000c3060000, 0x00000000c34a0000, 0x00000000c34a0000)
  to   space 4352K,   0% used [0x00000000c2c20000, 0x00000000c2c20000, 0x00000000c3060000)
 concurrent mark-sweep generation total 296736K, used 254272K [0x00000000d56c0000, 0x00000000e7888000, 0x0000000100000000)
 Metaspace       used 261579K, capacity 272884K, committed 273000K, reserved 1284096K
  class space    used 33811K, capacity 38136K, committed 38240K, reserved 1048576K
}
Event: 72.504 GC heap after
{Heap after GC invocations=62 (full 7):
 par new generation   total 39296K, used 4190K [0x00000000c0a00000, 0x00000000c34a0000, 0x00000000d56c0000)
  eden space 34944K,   0% used [0x00000000c0a00000, 0x00000000c0a00000, 0x00000000c2c20000)
  from space 4352K,  96% used [0x00000000c2c20000, 0x00000000c30379e8, 0x00000000c3060000)
  to   space 4352K,   0% used [0x00000000c3060000, 0x00000000c3060000, 0x00000000c34a0000)
 concurrent mark-sweep generation total 296736K, used 258121K [0x00000000d56c0000, 0x00000000e7888000, 0x0000000100000000)
 Metaspace       used 261579K, capacity 272884K, committed 273000K, reserved 1284096K
  class space    used 33811K, capacity 38136K, committed 38240K, reserved 1048576K
}
Event: 72.512 GC heap before
{Heap before GC invocations=62 (full 7):
 par new generation   total 39296K, used 39134K [0x00000000c0a00000, 0x00000000c34a0000, 0x00000000d56c0000)
  eden space 34944K, 100% used [0x00000000c0a00000, 0x00000000c2c20000, 0x00000000c2c20000)
  from space 4352K,  96% used [0x00000000c2c20000, 0x00000000c30379e8, 0x00000000c3060000)
  to   space 4352K,   0% used [0x00000000c3060000, 0x00000000c3060000, 0x00000000c34a0000)
 concurrent mark-sweep generation total 296736K, used 258121K [0x00000000d56c0000, 0x00000000e7888000, 0x0000000100000000)
 Metaspace       used 261580K, capacity 272884K, committed 273000K, reserved 1284096K
  class space    used 33811K, capacity 38136K, committed 38240K, reserved 1048576K
}
Event: 72.516 GC heap after
{Heap after GC invocations=63 (full 7):
 par new generation   total 39296K, used 2057K [0x00000000c0a00000, 0x00000000c34a0000, 0x00000000d56c0000)
  eden space 34944K,   0% used [0x00000000c0a00000, 0x00000000c0a00000, 0x00000000c2c20000)
  from space 4352K,  47% used [0x00000000c3060000, 0x00000000c32627d0, 0x00000000c34a0000)
  to   space 4352K,   0% used [0x00000000c2c20000, 0x00000000c2c20000, 0x00000000c3060000)
 concurrent mark-sweep generation total 296736K, used 258121K [0x00000000d56c0000, 0x00000000e7888000, 0x0000000100000000)
 Metaspace       used 261580K, capacity 272884K, committed 273000K, reserved 1284096K
  class space    used 33811K, capacity 38136K, committed 38240K, reserved 1048576K
}

