# JRE version: OpenJDK Runtime Environment (11.0.4+10) (build 11.0.4+10-b304.77)
# Java VM: OpenJDK 64-Bit Server VM (11.0.4+10-b304.77, mixed mode, sharing, tiered, compressed oops, concurrent mark sweep gc, windows-amd64)
Heap:
 par new generation   total 39296K, used 31963K [0x00000000c0a00000, 0x00000000c34a0000, 0x00000000d56c0000)
  eden space 34944K,  88% used [0x00000000c0a00000, 0x00000000c280db00, 0x00000000c2c20000)
  from space 4352K,  27% used [0x00000000c3060000, 0x00000000c31891d8, 0x00000000c34a0000)
  to   space 4352K,   0% used [0x00000000c2c20000, 0x00000000c2c20000, 0x00000000c3060000)
 concurrent mark-sweep generation total 368268K, used 247991K [0x00000000d56c0000, 0x00000000ebe63000, 0x0000000100000000)
 Metaspace       used 315991K, capacity 328818K, committed 329088K, reserved 1333248K
  class space    used 40666K, capacity 45656K, committed 45692K, reserved 1048576K
GC Heap History (10 events):
Event: 126.431 GC heap before
{Heap before GC invocations=84 (full 7):
 par new generation   total 39296K, used 38412K [0x00000000c0a00000, 0x00000000c34a0000, 0x00000000d56c0000)
  eden space 34944K, 100% used [0x00000000c0a00000, 0x00000000c2c20000, 0x00000000c2c20000)
  from space 4352K,  79% used [0x00000000c2c20000, 0x00000000c2f832e0, 0x00000000c3060000)
  to   space 4352K,   0% used [0x00000000c3060000, 0x00000000c3060000, 0x00000000c34a0000)
 concurrent mark-sweep generation total 368268K, used 245078K [0x00000000d56c0000, 0x00000000ebe63000, 0x0000000100000000)
 Metaspace       used 314558K, capacity 327333K, committed 327424K, reserved 1331200K
  class space    used 40511K, capacity 45495K, committed 45564K, reserved 1048576K
}
Event: 126.444 GC heap after
{Heap after GC invocations=85 (full 7):
 par new generation   total 39296K, used 2257K [0x00000000c0a00000, 0x00000000c34a0000, 0x00000000d56c0000)
  eden space 34944K,   0% used [0x00000000c0a00000, 0x00000000c0a00000, 0x00000000c2c20000)
  from space 4352K,  51% used [0x00000000c3060000, 0x00000000c32946c8, 0x00000000c34a0000)
  to   space 4352K,   0% used [0x00000000c2c20000, 0x00000000c2c20000, 0x00000000c3060000)
 concurrent mark-sweep generation total 368268K, used 245078K [0x00000000d56c0000, 0x00000000ebe63000, 0x0000000100000000)
 Metaspace       used 314558K, capacity 327333K, committed 327424K, reserved 1331200K
  class space    used 40511K, capacity 45495K, committed 45564K, reserved 1048576K
}
Event: 131.008 GC heap before
{Heap before GC invocations=85 (full 7):
 par new generation   total 39296K, used 37007K [0x00000000c0a00000, 0x00000000c34a0000, 0x00000000d56c0000)
  eden space 34944K,  99% used [0x00000000c0a00000, 0x00000000c2bef7a8, 0x00000000c2c20000)
  from space 4352K,  51% used [0x00000000c3060000, 0x00000000c32946c8, 0x00000000c34a0000)
  to   space 4352K,   0% used [0x00000000c2c20000, 0x00000000c2c20000, 0x00000000c3060000)
 concurrent mark-sweep generation total 368268K, used 245078K [0x00000000d56c0000, 0x00000000ebe63000, 0x0000000100000000)
 Metaspace       used 315018K, capacity 327711K, committed 327936K, reserved 1333248K
  class space    used 40528K, capacity 45503K, committed 45564K, reserved 1048576K
}
Event: 131.015 GC heap after
{Heap after GC invocations=86 (full 7):
 par new generation   total 39296K, used 4005K [0x00000000c0a00000, 0x00000000c34a0000, 0x00000000d56c0000)
  eden space 34944K,   0% used [0x00000000c0a00000, 0x00000000c0a00000, 0x00000000c2c20000)
  from space 4352K,  92% used [0x00000000c2c20000, 0x00000000c30097b8, 0x00000000c3060000)
  to   space 4352K,   0% used [0x00000000c3060000, 0x00000000c3060000, 0x00000000c34a0000)
 concurrent mark-sweep generation total 368268K, used 245078K [0x00000000d56c0000, 0x00000000ebe63000, 0x0000000100000000)
 Metaspace       used 315018K, capacity 327711K, committed 327936K, reserved 1333248K
  class space    used 40528K, capacity 45503K, committed 45564K, reserved 1048576K
}
Event: 131.056 GC heap before
{Heap before GC invocations=86 (full 7):
 par new generation   total 39296K, used 38731K [0x00000000c0a00000, 0x00000000c34a0000, 0x00000000d56c0000)
  eden space 34944K,  99% used [0x00000000c0a00000, 0x00000000c2be9608, 0x00000000c2c20000)
  from space 4352K,  92% used [0x00000000c2c20000, 0x00000000c30097b8, 0x00000000c3060000)
  to   space 4352K,   0% used [0x00000000c3060000, 0x00000000c3060000, 0x00000000c34a0000)
 concurrent mark-sweep generation total 368268K, used 245078K [0x00000000d56c0000, 0x00000000ebe63000, 0x0000000100000000)
 Metaspace       used 315200K, capacity 328012K, committed 328192K, reserved 1333248K
  class space    used 40558K, capacity 45557K, committed 45564K, reserved 1048576K
}
Event: 131.064 GC heap after
{Heap after GC invocations=87 (full 7):
 par new generation   total 39296K, used 2761K [0x00000000c0a00000, 0x00000000c34a0000, 0x00000000d56c0000)
  eden space 34944K,   0% used [0x00000000c0a00000, 0x00000000c0a00000, 0x00000000c2c20000)
  from space 4352K,  63% used [0x00000000c3060000, 0x00000000c33126e0, 0x00000000c34a0000)
  to   space 4352K,   0% used [0x00000000c2c20000, 0x00000000c2c20000, 0x00000000c3060000)
 concurrent mark-sweep generation total 368268K, used 247991K [0x00000000d56c0000, 0x00000000ebe63000, 0x0000000100000000)
 Metaspace       used 315200K, capacity 328012K, committed 328192K, reserved 1333248K
  class space    used 40558K, capacity 45557K, committed 45564K, reserved 1048576K
}
Event: 134.231 GC heap before
{Heap before GC invocations=87 (full 7):
 par new generation   total 39296K, used 37544K [0x00000000c0a00000, 0x00000000c34a0000, 0x00000000d56c0000)
  eden space 34944K,  99% used [0x00000000c0a00000, 0x00000000c2bf7978, 0x00000000c2c20000)
  from space 4352K,  63% used [0x00000000c3060000, 0x00000000c33126e0, 0x00000000c34a0000)
  to   space 4352K,   0% used [0x00000000c2c20000, 0x00000000c2c20000, 0x00000000c3060000)
 concurrent mark-sweep generation total 368268K, used 247991K [0x00000000d56c0000, 0x00000000ebe63000, 0x0000000100000000)
 Metaspace       used 315622K, capacity 328431K, committed 328576K, reserved 1333248K
  class space    used 40615K, capacity 45620K, committed 45692K, reserved 1048576K
}
Event: 134.236 GC heap after
{Heap after GC invocations=88 (full 7):
 par new generation   total 39296K, used 1010K [0x00000000c0a00000, 0x00000000c34a0000, 0x00000000d56c0000)
  eden space 34944K,   0% used [0x00000000c0a00000, 0x00000000c0a00000, 0x00000000c2c20000)
  from space 4352K,  23% used [0x00000000c2c20000, 0x00000000c2d1c950, 0x00000000c3060000)
  to   space 4352K,   0% used [0x00000000c3060000, 0x00000000c3060000, 0x00000000c34a0000)
 concurrent mark-sweep generation total 368268K, used 247991K [0x00000000d56c0000, 0x00000000ebe63000, 0x0000000100000000)
 Metaspace       used 315622K, capacity 328431K, committed 328576K, reserved 1333248K
  class space    used 40615K, capacity 45620K, committed 45692K, reserved 1048576K
}
Event: 134.379 GC heap before
{Heap before GC invocations=88 (full 7):
 par new generation   total 39296K, used 35914K [0x00000000c0a00000, 0x00000000c34a0000, 0x00000000d56c0000)
  eden space 34944K,  99% used [0x00000000c0a00000, 0x00000000c2c16000, 0x00000000c2c20000)
  from space 4352K,  23% used [0x00000000c2c20000, 0x00000000c2d1c950, 0x00000000c3060000)
  to   space 4352K,   0% used [0x00000000c3060000, 0x00000000c3060000, 0x00000000c34a0000)
 concurrent mark-sweep generation total 368268K, used 247991K [0x00000000d56c0000, 0x00000000ebe63000, 0x0000000100000000)
 Metaspace       used 315921K, capacity 328748K, committed 328832K, reserved 1333248K
  class space    used 40658K, capacity 45654K, committed 45692K, reserved 1048576K
}
Event: 134.385 GC heap after
{Heap after GC invocations=89 (full 7):
 par new generation   total 39296K, used 1188K [0x00000000c0a00000, 0x00000000c34a0000, 0x00000000d56c0000)
  eden space 34944K,   0% used [0x00000000c0a00000, 0x00000000c0a00000, 0x00000000c2c20000)
  from space 4352K,  27% used [0x00000000c3060000, 0x00000000c31891d8, 0x00000000c34a0000)
  to   space 4352K,   0% used [0x00000000c2c20000, 0x00000000c2c20000, 0x00000000c3060000)
 concurrent mark-sweep generation total 368268K, used 247991K [0x00000000d56c0000, 0x00000000ebe63000, 0x0000000100000000)
 Metaspace       used 315921K, capacity 328748K, committed 328832K, reserved 1333248K
  class space    used 40658K, capacity 45654K, committed 45692K, reserved 1048576K
}

